<?xml version="1.0" encoding="UTF-8"?>
<testng-results skipped="0" failed="2" total="20" passed="18">
  <reporter-output>
  </reporter-output>
  <suite name="Default suite" duration-ms="25065" started-at="2018-07-08T10:49:33Z" finished-at="2018-07-08T10:49:58Z">
    <groups>
    </groups>
    <test name="Default test" duration-ms="25065" started-at="2018-07-08T10:49:33Z" finished-at="2018-07-08T10:49:58Z">
      <class name="Banking_alerts.TestAlerts_History">
        <test-method status="PASS" signature="beforeTest()[pri:0, instance:Banking_alerts.TestAlerts_History@724af044]" name="beforeTest" duration-ms="8813" started-at="2018-07-08T16:19:33Z" finished-at="2018-07-08T16:19:41Z">
          <reporter-output>
          </reporter-output>
        </test-method> <!-- beforeTest -->
        <test-method status="PASS" signature="Login_alerts_history()[pri:0, instance:Banking_alerts.TestAlerts_History@724af044]" name="Login_alerts_history" duration-ms="1836" started-at="2018-07-08T16:19:41Z" finished-at="2018-07-08T16:19:43Z">
          <reporter-output>
          </reporter-output>
        </test-method> <!-- Login_alerts_history -->
        <test-method status="PASS" signature="sys_Alerts()[pri:0, instance:Banking_alerts.TestAlerts_History@724af044]" name="sys_Alerts" duration-ms="2543" started-at="2018-07-08T16:19:43Z" finished-at="2018-07-08T16:19:46Z">
          <reporter-output>
          </reporter-output>
        </test-method> <!-- sys_Alerts -->
        <test-method status="PASS" signature="delete_sys_alerts()[pri:0, instance:Banking_alerts.TestAlerts_History@724af044]" name="delete_sys_alerts" duration-ms="2116" started-at="2018-07-08T16:19:46Z" finished-at="2018-07-08T16:19:48Z">
          <reporter-output>
          </reporter-output>
        </test-method> <!-- delete_sys_alerts -->
        <test-method status="FAIL" signature="mem_alerts()[pri:0, instance:Banking_alerts.TestAlerts_History@724af044]" name="mem_alerts" duration-ms="287" started-at="2018-07-08T16:19:48Z" finished-at="2018-07-08T16:19:48Z">
          <exception class="org.openqa.selenium.ElementNotVisibleException">
            <message>
              <![CDATA[Element is not currently visible and so may not be interacted with
Command duration or timeout: 39 milliseconds
Build info: version: '2.53.1', revision: 'a36b8b1cd5757287168e54b817830adce9b0158d', time: '2016-06-30 19:26:09'
System info: host: 'IBM-Testing01', ip: '169.254.192.194', os.name: 'Windows 10', os.arch: 'amd64', os.version: '10.0', java.version: '1.8.0_151'
Driver info: org.openqa.selenium.firefox.FirefoxDriver
Capabilities [{applicationCacheEnabled=true, rotatable=false, handlesAlerts=true, databaseEnabled=true, version=44.0, platform=WINDOWS, nativeEvents=false, acceptSslCerts=true, webStorageEnabled=true, locationContextEnabled=true, browserName=firefox, takesScreenshot=true, javascriptEnabled=true, cssSelectorsEnabled=true}]
Session ID: 7a6ae691-e41b-476d-ad15-dcfd8a9be0f4]]>
            </message>
            <full-stacktrace>
              <![CDATA[org.openqa.selenium.ElementNotVisibleException: Element is not currently visible and so may not be interacted with
Command duration or timeout: 39 milliseconds
Build info: version: '2.53.1', revision: 'a36b8b1cd5757287168e54b817830adce9b0158d', time: '2016-06-30 19:26:09'
System info: host: 'IBM-Testing01', ip: '169.254.192.194', os.name: 'Windows 10', os.arch: 'amd64', os.version: '10.0', java.version: '1.8.0_151'
Driver info: org.openqa.selenium.firefox.FirefoxDriver
Capabilities [{applicationCacheEnabled=true, rotatable=false, handlesAlerts=true, databaseEnabled=true, version=44.0, platform=WINDOWS, nativeEvents=false, acceptSslCerts=true, webStorageEnabled=true, locationContextEnabled=true, browserName=firefox, takesScreenshot=true, javascriptEnabled=true, cssSelectorsEnabled=true}]
Session ID: 7a6ae691-e41b-476d-ad15-dcfd8a9be0f4
	at sun.reflect.NativeConstructorAccessorImpl.newInstance0(Native Method)
	at sun.reflect.NativeConstructorAccessorImpl.newInstance(NativeConstructorAccessorImpl.java:62)
	at sun.reflect.DelegatingConstructorAccessorImpl.newInstance(DelegatingConstructorAccessorImpl.java:45)
	at java.lang.reflect.Constructor.newInstance(Constructor.java:423)
	at org.openqa.selenium.remote.ErrorHandler.createThrowable(ErrorHandler.java:206)
	at org.openqa.selenium.remote.ErrorHandler.throwIfResponseFailed(ErrorHandler.java:158)
	at org.openqa.selenium.remote.RemoteWebDriver.execute(RemoteWebDriver.java:678)
	at org.openqa.selenium.remote.RemoteWebElement.execute(RemoteWebElement.java:327)
	at org.openqa.selenium.remote.RemoteWebElement.click(RemoteWebElement.java:85)
	at Banking_alerts.Member_alerts.mem_alerts(Member_alerts.java:23)
	at sun.reflect.NativeMethodAccessorImpl.invoke0(Native Method)
	at sun.reflect.NativeMethodAccessorImpl.invoke(NativeMethodAccessorImpl.java:62)
	at sun.reflect.DelegatingMethodAccessorImpl.invoke(DelegatingMethodAccessorImpl.java:43)
	at java.lang.reflect.Method.invoke(Method.java:498)
	at org.testng.internal.MethodInvocationHelper.invokeMethod(MethodInvocationHelper.java:80)
	at org.testng.internal.Invoker.invokeMethod(Invoker.java:714)
	at org.testng.internal.Invoker.invokeTestMethod(Invoker.java:901)
	at org.testng.internal.Invoker.invokeTestMethods(Invoker.java:1231)
	at org.testng.internal.TestMethodWorker.invokeTestMethods(TestMethodWorker.java:127)
	at org.testng.internal.TestMethodWorker.run(TestMethodWorker.java:111)
	at org.testng.TestRunner.privateRun(TestRunner.java:767)
	at org.testng.TestRunner.run(TestRunner.java:617)
	at org.testng.SuiteRunner.runTest(SuiteRunner.java:334)
	at org.testng.SuiteRunner.runSequentially(SuiteRunner.java:329)
	at org.testng.SuiteRunner.privateRun(SuiteRunner.java:291)
	at org.testng.SuiteRunner.run(SuiteRunner.java:240)
	at org.testng.SuiteRunnerWorker.runSuite(SuiteRunnerWorker.java:52)
	at org.testng.SuiteRunnerWorker.run(SuiteRunnerWorker.java:86)
	at org.testng.TestNG.runSuitesSequentially(TestNG.java:1198)
	at org.testng.TestNG.runSuitesLocally(TestNG.java:1123)
	at org.testng.TestNG.run(TestNG.java:1031)
	at org.testng.remote.AbstractRemoteTestNG.run(AbstractRemoteTestNG.java:132)
	at org.testng.remote.RemoteTestNG.initAndRun(RemoteTestNG.java:230)
	at org.testng.remote.RemoteTestNG.main(RemoteTestNG.java:76)
Caused by: org.openqa.selenium.ElementNotVisibleException: Element is not currently visible and so may not be interacted with
Build info: version: '2.53.1', revision: 'a36b8b1cd5757287168e54b817830adce9b0158d', time: '2016-06-30 19:26:09'
System info: host: 'IBM-Testing01', ip: '169.254.192.194', os.name: 'Windows 10', os.arch: 'amd64', os.version: '10.0', java.version: '1.8.0_151'
Driver info: driver.version: unknown
	at <anonymous class>.fxdriver.preconditions.visible(file:///C:/Users/IBM/AppData/Local/Temp/anonymous1553330480632025112webdriver-profile/extensions/fxdriver@googlecode.com/components/command-processor.js:10092)
	at <anonymous class>.DelayedCommand.prototype.checkPreconditions_(file:///C:/Users/IBM/AppData/Local/Temp/anonymous1553330480632025112webdriver-profile/extensions/fxdriver@googlecode.com/components/command-processor.js:12644)
	at <anonymous class>.DelayedCommand.prototype.executeInternal_/h(file:///C:/Users/IBM/AppData/Local/Temp/anonymous1553330480632025112webdriver-profile/extensions/fxdriver@googlecode.com/components/command-processor.js:12661)
	at <anonymous class>.DelayedCommand.prototype.executeInternal_(file:///C:/Users/IBM/AppData/Local/Temp/anonymous1553330480632025112webdriver-profile/extensions/fxdriver@googlecode.com/components/command-processor.js:12666)
	at <anonymous class>.DelayedCommand.prototype.execute/<(file:///C:/Users/IBM/AppData/Local/Temp/anonymous1553330480632025112webdriver-profile/extensions/fxdriver@googlecode.com/components/command-processor.js:12608)
]]>
            </full-stacktrace>
          </exception> <!-- org.openqa.selenium.ElementNotVisibleException -->
          <reporter-output>
          </reporter-output>
        </test-method> <!-- mem_alerts -->
        <test-method status="PASS" signature="select_All_Checkbox()[pri:0, instance:Banking_alerts.TestAlerts_History@724af044]" name="select_All_Checkbox" duration-ms="693" started-at="2018-07-08T16:19:48Z" finished-at="2018-07-08T16:19:49Z">
          <reporter-output>
          </reporter-output>
        </test-method> <!-- select_All_Checkbox -->
        <test-method status="PASS" signature="deselect_all_checkbox()[pri:0, instance:Banking_alerts.TestAlerts_History@724af044]" name="deselect_all_checkbox" duration-ms="614" started-at="2018-07-08T16:19:49Z" finished-at="2018-07-08T16:19:50Z">
          <reporter-output>
          </reporter-output>
        </test-method> <!-- deselect_all_checkbox -->
        <test-method status="PASS" signature="delete_mem_Alerts()[pri:0, instance:Banking_alerts.TestAlerts_History@724af044]" name="delete_mem_Alerts" duration-ms="1307" started-at="2018-07-08T16:19:50Z" finished-at="2018-07-08T16:19:51Z">
          <reporter-output>
          </reporter-output>
        </test-method> <!-- delete_mem_Alerts -->
        <test-method status="FAIL" signature="mem_Profile()[pri:0, instance:Banking_alerts.TestAlerts_History@724af044]" name="mem_Profile" duration-ms="38" started-at="2018-07-08T16:19:51Z" finished-at="2018-07-08T16:19:51Z">
          <exception class="org.openqa.selenium.NoSuchElementException">
            <message>
              <![CDATA[Unable to locate element: {"method":"xpath","selector":".//*[@id='tdContents']/form/table[1]/tbody/tr[2]/td/table/tbody/tr[2]/td[3]/a"}
Command duration or timeout: 36 milliseconds
For documentation on this error, please visit: http://seleniumhq.org/exceptions/no_such_element.html
Build info: version: '2.53.1', revision: 'a36b8b1cd5757287168e54b817830adce9b0158d', time: '2016-06-30 19:26:09'
System info: host: 'IBM-Testing01', ip: '169.254.192.194', os.name: 'Windows 10', os.arch: 'amd64', os.version: '10.0', java.version: '1.8.0_151'
Driver info: org.openqa.selenium.firefox.FirefoxDriver
Capabilities [{applicationCacheEnabled=true, rotatable=false, handlesAlerts=true, databaseEnabled=true, version=44.0, platform=WINDOWS, nativeEvents=false, acceptSslCerts=true, webStorageEnabled=true, locationContextEnabled=true, browserName=firefox, takesScreenshot=true, javascriptEnabled=true, cssSelectorsEnabled=true}]
Session ID: 7a6ae691-e41b-476d-ad15-dcfd8a9be0f4
*** Element info: {Using=xpath, value=.//*[@id='tdContents']/form/table[1]/tbody/tr[2]/td/table/tbody/tr[2]/td[3]/a}]]>
            </message>
            <full-stacktrace>
              <![CDATA[org.openqa.selenium.NoSuchElementException: Unable to locate element: {"method":"xpath","selector":".//*[@id='tdContents']/form/table[1]/tbody/tr[2]/td/table/tbody/tr[2]/td[3]/a"}
Command duration or timeout: 36 milliseconds
For documentation on this error, please visit: http://seleniumhq.org/exceptions/no_such_element.html
Build info: version: '2.53.1', revision: 'a36b8b1cd5757287168e54b817830adce9b0158d', time: '2016-06-30 19:26:09'
System info: host: 'IBM-Testing01', ip: '169.254.192.194', os.name: 'Windows 10', os.arch: 'amd64', os.version: '10.0', java.version: '1.8.0_151'
Driver info: org.openqa.selenium.firefox.FirefoxDriver
Capabilities [{applicationCacheEnabled=true, rotatable=false, handlesAlerts=true, databaseEnabled=true, version=44.0, platform=WINDOWS, nativeEvents=false, acceptSslCerts=true, webStorageEnabled=true, locationContextEnabled=true, browserName=firefox, takesScreenshot=true, javascriptEnabled=true, cssSelectorsEnabled=true}]
Session ID: 7a6ae691-e41b-476d-ad15-dcfd8a9be0f4
*** Element info: {Using=xpath, value=.//*[@id='tdContents']/form/table[1]/tbody/tr[2]/td/table/tbody/tr[2]/td[3]/a}
	at sun.reflect.NativeConstructorAccessorImpl.newInstance0(Native Method)
	at sun.reflect.NativeConstructorAccessorImpl.newInstance(NativeConstructorAccessorImpl.java:62)
	at sun.reflect.DelegatingConstructorAccessorImpl.newInstance(DelegatingConstructorAccessorImpl.java:45)
	at java.lang.reflect.Constructor.newInstance(Constructor.java:423)
	at org.openqa.selenium.remote.ErrorHandler.createThrowable(ErrorHandler.java:206)
	at org.openqa.selenium.remote.ErrorHandler.throwIfResponseFailed(ErrorHandler.java:158)
	at org.openqa.selenium.remote.RemoteWebDriver.execute(RemoteWebDriver.java:678)
	at org.openqa.selenium.remote.RemoteWebDriver.findElement(RemoteWebDriver.java:363)
	at org.openqa.selenium.remote.RemoteWebDriver.findElementByXPath(RemoteWebDriver.java:500)
	at org.openqa.selenium.By$ByXPath.findElement(By.java:361)
	at org.openqa.selenium.remote.RemoteWebDriver.findElement(RemoteWebDriver.java:355)
	at Banking_alerts.Member_alerts.mem_Profile(Member_alerts.java:85)
	at sun.reflect.NativeMethodAccessorImpl.invoke0(Native Method)
	at sun.reflect.NativeMethodAccessorImpl.invoke(NativeMethodAccessorImpl.java:62)
	at sun.reflect.DelegatingMethodAccessorImpl.invoke(DelegatingMethodAccessorImpl.java:43)
	at java.lang.reflect.Method.invoke(Method.java:498)
	at org.testng.internal.MethodInvocationHelper.invokeMethod(MethodInvocationHelper.java:80)
	at org.testng.internal.Invoker.invokeMethod(Invoker.java:714)
	at org.testng.internal.Invoker.invokeTestMethod(Invoker.java:901)
	at org.testng.internal.Invoker.invokeTestMethods(Invoker.java:1231)
	at org.testng.internal.TestMethodWorker.invokeTestMethods(TestMethodWorker.java:127)
	at org.testng.internal.TestMethodWorker.run(TestMethodWorker.java:111)
	at org.testng.TestRunner.privateRun(TestRunner.java:767)
	at org.testng.TestRunner.run(TestRunner.java:617)
	at org.testng.SuiteRunner.runTest(SuiteRunner.java:334)
	at org.testng.SuiteRunner.runSequentially(SuiteRunner.java:329)
	at org.testng.SuiteRunner.privateRun(SuiteRunner.java:291)
	at org.testng.SuiteRunner.run(SuiteRunner.java:240)
	at org.testng.SuiteRunnerWorker.runSuite(SuiteRunnerWorker.java:52)
	at org.testng.SuiteRunnerWorker.run(SuiteRunnerWorker.java:86)
	at org.testng.TestNG.runSuitesSequentially(TestNG.java:1198)
	at org.testng.TestNG.runSuitesLocally(TestNG.java:1123)
	at org.testng.TestNG.run(TestNG.java:1031)
	at org.testng.remote.AbstractRemoteTestNG.run(AbstractRemoteTestNG.java:132)
	at org.testng.remote.RemoteTestNG.initAndRun(RemoteTestNG.java:230)
	at org.testng.remote.RemoteTestNG.main(RemoteTestNG.java:76)
Caused by: org.openqa.selenium.NoSuchElementException: Unable to locate element: {"method":"xpath","selector":".//*[@id='tdContents']/form/table[1]/tbody/tr[2]/td/table/tbody/tr[2]/td[3]/a"}
For documentation on this error, please visit: http://seleniumhq.org/exceptions/no_such_element.html
Build info: version: '2.53.1', revision: 'a36b8b1cd5757287168e54b817830adce9b0158d', time: '2016-06-30 19:26:09'
System info: host: 'IBM-Testing01', ip: '169.254.192.194', os.name: 'Windows 10', os.arch: 'amd64', os.version: '10.0', java.version: '1.8.0_151'
Driver info: driver.version: unknown
	at <anonymous class>.FirefoxDriver.prototype.findElementInternal_(file:///C:/Users/IBM/AppData/Local/Temp/anonymous1553330480632025112webdriver-profile/extensions/fxdriver@googlecode.com/components/driver-component.js:10770)
	at <anonymous class>.FirefoxDriver.prototype.findElement(file:///C:/Users/IBM/AppData/Local/Temp/anonymous1553330480632025112webdriver-profile/extensions/fxdriver@googlecode.com/components/driver-component.js:10779)
	at <anonymous class>.DelayedCommand.prototype.executeInternal_/h(file:///C:/Users/IBM/AppData/Local/Temp/anonymous1553330480632025112webdriver-profile/extensions/fxdriver@googlecode.com/components/command-processor.js:12661)
	at <anonymous class>.DelayedCommand.prototype.executeInternal_(file:///C:/Users/IBM/AppData/Local/Temp/anonymous1553330480632025112webdriver-profile/extensions/fxdriver@googlecode.com/components/command-processor.js:12666)
	at <anonymous class>.DelayedCommand.prototype.execute/<(file:///C:/Users/IBM/AppData/Local/Temp/anonymous1553330480632025112webdriver-profile/extensions/fxdriver@googlecode.com/components/command-processor.js:12608)
]]>
            </full-stacktrace>
          </exception> <!-- org.openqa.selenium.NoSuchElementException -->
          <reporter-output>
          </reporter-output>
        </test-method> <!-- mem_Profile -->
        <test-method status="PASS" signature="alerts_history()[pri:0, instance:Banking_alerts.TestAlerts_History@724af044]" name="alerts_history" duration-ms="649" started-at="2018-07-08T16:19:51Z" finished-at="2018-07-08T16:19:52Z">
          <reporter-output>
          </reporter-output>
        </test-method> <!-- alerts_history -->
        <test-method status="PASS" signature="System_0r_member()[pri:0, instance:Banking_alerts.TestAlerts_History@724af044]" name="System_0r_member" duration-ms="479" started-at="2018-07-08T16:19:52Z" finished-at="2018-07-08T16:19:52Z">
          <reporter-output>
          </reporter-output>
        </test-method> <!-- System_0r_member -->
        <test-method status="PASS" signature="accept_From_Number()[pri:0, instance:Banking_alerts.TestAlerts_History@724af044]" name="accept_From_Number" duration-ms="633" started-at="2018-07-08T16:19:52Z" finished-at="2018-07-08T16:19:53Z">
          <reporter-output>
          </reporter-output>
        </test-method> <!-- accept_From_Number -->
        <test-method status="PASS" signature="accept_From_Date()[pri:0, instance:Banking_alerts.TestAlerts_History@724af044]" name="accept_From_Date" duration-ms="295" started-at="2018-07-08T16:19:53Z" finished-at="2018-07-08T16:19:53Z">
          <reporter-output>
          </reporter-output>
        </test-method> <!-- accept_From_Date -->
        <test-method status="PASS" signature="date_From_check()[pri:0, instance:Banking_alerts.TestAlerts_History@724af044]" name="date_From_check" duration-ms="226" started-at="2018-07-08T16:19:53Z" finished-at="2018-07-08T16:19:53Z">
          <reporter-output>
          </reporter-output>
        </test-method> <!-- date_From_check -->
        <test-method status="PASS" signature="accept_To_Number()[pri:0, instance:Banking_alerts.TestAlerts_History@724af044]" name="accept_To_Number" duration-ms="360" started-at="2018-07-08T16:19:53Z" finished-at="2018-07-08T16:19:54Z">
          <reporter-output>
          </reporter-output>
        </test-method> <!-- accept_To_Number -->
        <test-method status="PASS" signature="accept_To_Date()[pri:0, instance:Banking_alerts.TestAlerts_History@724af044]" name="accept_To_Date" duration-ms="297" started-at="2018-07-08T16:19:54Z" finished-at="2018-07-08T16:19:54Z">
          <reporter-output>
          </reporter-output>
        </test-method> <!-- accept_To_Date -->
        <test-method status="PASS" signature="date_To_check()[pri:0, instance:Banking_alerts.TestAlerts_History@724af044]" name="date_To_check" duration-ms="172" started-at="2018-07-08T16:19:54Z" finished-at="2018-07-08T16:19:54Z">
          <reporter-output>
          </reporter-output>
        </test-method> <!-- date_To_check -->
        <test-method status="PASS" signature="input_Using_Calender()[pri:0, instance:Banking_alerts.TestAlerts_History@724af044]" name="input_Using_Calender" duration-ms="504" started-at="2018-07-08T16:19:54Z" finished-at="2018-07-08T16:19:55Z">
          <reporter-output>
          </reporter-output>
        </test-method> <!-- input_Using_Calender -->
        <test-method status="PASS" signature="all_System_Alerts_Are_Displayed()[pri:0, instance:Banking_alerts.TestAlerts_History@724af044]" name="all_System_Alerts_Are_Displayed" duration-ms="1549" started-at="2018-07-08T16:19:55Z" finished-at="2018-07-08T16:19:56Z">
          <reporter-output>
          </reporter-output>
        </test-method> <!-- all_System_Alerts_Are_Displayed -->
        <test-method status="PASS" signature="all_Member_Alerts_Are_Displayed()[pri:0, instance:Banking_alerts.TestAlerts_History@724af044]" name="all_Member_Alerts_Are_Displayed" duration-ms="1578" started-at="2018-07-08T16:19:56Z" finished-at="2018-07-08T16:19:58Z">
          <reporter-output>
          </reporter-output>
        </test-method> <!-- all_Member_Alerts_Are_Displayed -->
      </class> <!-- Banking_alerts.TestAlerts_History -->
    </test> <!-- Default test -->
  </suite> <!-- Default suite -->
</testng-results>
