<?xml version="1.0" encoding="UTF-8"?>
<testng-results skipped="0" failed="1" total="8" passed="7">
  <reporter-output>
  </reporter-output>
  <suite name="Default suite" duration-ms="35089" started-at="2018-07-04T16:11:48Z" finished-at="2018-07-04T16:12:23Z">
    <groups>
    </groups>
    <test name="Default test" duration-ms="35089" started-at="2018-07-04T16:11:48Z" finished-at="2018-07-04T16:12:23Z">
      <class name="com.project.advertisements.AdvertisementsManage">
        <test-method status="PASS" signature="browserLunch()[pri:0, instance:com.project.advertisements.AdvertisementsManage@7cd62f43]" name="browserLunch" duration-ms="5131" started-at="2018-07-04T21:41:48Z" finished-at="2018-07-04T21:41:53Z">
          <reporter-output>
          </reporter-output>
        </test-method> <!-- browserLunch -->
        <test-method status="PASS" signature="loginDetail()[pri:0, instance:com.project.advertisements.AdvertisementsManage@7cd62f43]" name="loginDetail" duration-ms="1106" started-at="2018-07-04T21:41:53Z" finished-at="2018-07-04T21:41:54Z">
          <reporter-output>
          </reporter-output>
        </test-method> <!-- loginDetail -->
        <test-method status="PASS" signature="jumpToMemberProfile()[pri:0, instance:com.project.advertisements.AdvertisementsManage@7cd62f43]" name="jumpToMemberProfile" duration-ms="10110" started-at="2018-07-04T21:41:54Z" finished-at="2018-07-04T21:42:04Z">
          <reporter-output>
          </reporter-output>
        </test-method> <!-- jumpToMemberProfile -->
        <test-method status="PASS" signature="adModule()[pri:0, instance:com.project.advertisements.AdvertisementsManage@7cd62f43]" name="adModule" duration-ms="795" started-at="2018-07-04T21:42:04Z" finished-at="2018-07-04T21:42:05Z">
          <reporter-output>
          </reporter-output>
        </test-method> <!-- adModule -->
        <test-method status="PASS" signature="modifyAdvertisment()[pri:0, instance:com.project.advertisements.AdvertisementsManage@7cd62f43]" name="modifyAdvertisment" duration-ms="13085" started-at="2018-07-04T21:42:05Z" finished-at="2018-07-04T21:42:18Z">
          <reporter-output>
          </reporter-output>
        </test-method> <!-- modifyAdvertisment -->
        <test-method status="PASS" signature="removeAdvertisment()[pri:0, instance:com.project.advertisements.AdvertisementsManage@7cd62f43]" name="removeAdvertisment" duration-ms="1282" started-at="2018-07-04T21:42:18Z" finished-at="2018-07-04T21:42:19Z">
          <reporter-output>
          </reporter-output>
        </test-method> <!-- removeAdvertisment -->
        <test-method status="PASS" signature="addNewAd()[pri:0, instance:com.project.advertisements.AdvertisementsManage@7cd62f43]" name="addNewAd" duration-ms="3503" started-at="2018-07-04T21:42:19Z" finished-at="2018-07-04T21:42:23Z">
          <reporter-output>
          </reporter-output>
        </test-method> <!-- addNewAd -->
        <test-method status="FAIL" signature="disableExpire()[pri:0, instance:com.project.advertisements.AdvertisementsManage@7cd62f43]" name="disableExpire" duration-ms="40" started-at="2018-07-04T21:42:23Z" finished-at="2018-07-04T21:42:23Z">
          <exception class="org.openqa.selenium.NoSuchElementException">
            <message>
              <![CDATA[Unable to locate element: {"method":"id","selector":"newButton"}
Command duration or timeout: 33 milliseconds
For documentation on this error, please visit: http://seleniumhq.org/exceptions/no_such_element.html
Build info: version: '2.53.1', revision: 'a36b8b1cd5757287168e54b817830adce9b0158d', time: '2016-06-30 19:26:09'
System info: host: 'IBM-Testing04', ip: '172.24.72.121', os.name: 'Windows 10', os.arch: 'amd64', os.version: '10.0', java.version: '1.8.0_151'
Driver info: org.openqa.selenium.firefox.FirefoxDriver
Capabilities [{applicationCacheEnabled=true, rotatable=false, handlesAlerts=true, databaseEnabled=true, version=44.0, platform=WINDOWS, nativeEvents=false, acceptSslCerts=true, webStorageEnabled=true, locationContextEnabled=true, browserName=firefox, takesScreenshot=true, javascriptEnabled=true, cssSelectorsEnabled=true}]
Session ID: f8036b08-7a63-468f-b5dd-109510d24e0f
*** Element info: {Using=id, value=newButton}]]>
            </message>
            <full-stacktrace>
              <![CDATA[org.openqa.selenium.NoSuchElementException: Unable to locate element: {"method":"id","selector":"newButton"}
Command duration or timeout: 33 milliseconds
For documentation on this error, please visit: http://seleniumhq.org/exceptions/no_such_element.html
Build info: version: '2.53.1', revision: 'a36b8b1cd5757287168e54b817830adce9b0158d', time: '2016-06-30 19:26:09'
System info: host: 'IBM-Testing04', ip: '172.24.72.121', os.name: 'Windows 10', os.arch: 'amd64', os.version: '10.0', java.version: '1.8.0_151'
Driver info: org.openqa.selenium.firefox.FirefoxDriver
Capabilities [{applicationCacheEnabled=true, rotatable=false, handlesAlerts=true, databaseEnabled=true, version=44.0, platform=WINDOWS, nativeEvents=false, acceptSslCerts=true, webStorageEnabled=true, locationContextEnabled=true, browserName=firefox, takesScreenshot=true, javascriptEnabled=true, cssSelectorsEnabled=true}]
Session ID: f8036b08-7a63-468f-b5dd-109510d24e0f
*** Element info: {Using=id, value=newButton}
	at sun.reflect.NativeConstructorAccessorImpl.newInstance0(Native Method)
	at sun.reflect.NativeConstructorAccessorImpl.newInstance(Unknown Source)
	at sun.reflect.DelegatingConstructorAccessorImpl.newInstance(Unknown Source)
	at java.lang.reflect.Constructor.newInstance(Unknown Source)
	at org.openqa.selenium.remote.ErrorHandler.createThrowable(ErrorHandler.java:206)
	at org.openqa.selenium.remote.ErrorHandler.throwIfResponseFailed(ErrorHandler.java:158)
	at org.openqa.selenium.remote.RemoteWebDriver.execute(RemoteWebDriver.java:678)
	at org.openqa.selenium.remote.RemoteWebDriver.findElement(RemoteWebDriver.java:363)
	at org.openqa.selenium.remote.RemoteWebDriver.findElementById(RemoteWebDriver.java:413)
	at org.openqa.selenium.By$ById.findElement(By.java:218)
	at org.openqa.selenium.remote.RemoteWebDriver.findElement(RemoteWebDriver.java:355)
	at com.project.advertisements.AdvertisementsManage.disableExpire(AdvertisementsManage.java:118)
	at sun.reflect.NativeMethodAccessorImpl.invoke0(Native Method)
	at sun.reflect.NativeMethodAccessorImpl.invoke(Unknown Source)
	at sun.reflect.DelegatingMethodAccessorImpl.invoke(Unknown Source)
	at java.lang.reflect.Method.invoke(Unknown Source)
	at org.testng.internal.MethodInvocationHelper.invokeMethod(MethodInvocationHelper.java:80)
	at org.testng.internal.Invoker.invokeMethod(Invoker.java:714)
	at org.testng.internal.Invoker.invokeTestMethod(Invoker.java:901)
	at org.testng.internal.Invoker.invokeTestMethods(Invoker.java:1231)
	at org.testng.internal.TestMethodWorker.invokeTestMethods(TestMethodWorker.java:127)
	at org.testng.internal.TestMethodWorker.run(TestMethodWorker.java:111)
	at org.testng.TestRunner.privateRun(TestRunner.java:767)
	at org.testng.TestRunner.run(TestRunner.java:617)
	at org.testng.SuiteRunner.runTest(SuiteRunner.java:334)
	at org.testng.SuiteRunner.runSequentially(SuiteRunner.java:329)
	at org.testng.SuiteRunner.privateRun(SuiteRunner.java:291)
	at org.testng.SuiteRunner.run(SuiteRunner.java:240)
	at org.testng.SuiteRunnerWorker.runSuite(SuiteRunnerWorker.java:52)
	at org.testng.SuiteRunnerWorker.run(SuiteRunnerWorker.java:86)
	at org.testng.TestNG.runSuitesSequentially(TestNG.java:1198)
	at org.testng.TestNG.runSuitesLocally(TestNG.java:1123)
	at org.testng.TestNG.run(TestNG.java:1031)
	at org.testng.remote.AbstractRemoteTestNG.run(AbstractRemoteTestNG.java:132)
	at org.testng.remote.RemoteTestNG.initAndRun(RemoteTestNG.java:230)
	at org.testng.remote.RemoteTestNG.main(RemoteTestNG.java:76)
Caused by: org.openqa.selenium.NoSuchElementException: Unable to locate element: {"method":"id","selector":"newButton"}
For documentation on this error, please visit: http://seleniumhq.org/exceptions/no_such_element.html
Build info: version: '2.53.1', revision: 'a36b8b1cd5757287168e54b817830adce9b0158d', time: '2016-06-30 19:26:09'
System info: host: 'IBM-Testing04', ip: '172.24.72.121', os.name: 'Windows 10', os.arch: 'amd64', os.version: '10.0', java.version: '1.8.0_151'
Driver info: driver.version: unknown
	at <anonymous class>.FirefoxDriver.prototype.findElementInternal_(file:///C:/Users/IBM/AppData/Local/Temp/anonymous981387705564440945webdriver-profile/extensions/fxdriver@googlecode.com/components/driver-component.js:10770)
	at <anonymous class>.FirefoxDriver.prototype.findElement(file:///C:/Users/IBM/AppData/Local/Temp/anonymous981387705564440945webdriver-profile/extensions/fxdriver@googlecode.com/components/driver-component.js:10779)
	at <anonymous class>.DelayedCommand.prototype.executeInternal_/h(file:///C:/Users/IBM/AppData/Local/Temp/anonymous981387705564440945webdriver-profile/extensions/fxdriver@googlecode.com/components/command-processor.js:12661)
	at <anonymous class>.DelayedCommand.prototype.executeInternal_(file:///C:/Users/IBM/AppData/Local/Temp/anonymous981387705564440945webdriver-profile/extensions/fxdriver@googlecode.com/components/command-processor.js:12666)
	at <anonymous class>.DelayedCommand.prototype.execute/<(file:///C:/Users/IBM/AppData/Local/Temp/anonymous981387705564440945webdriver-profile/extensions/fxdriver@googlecode.com/components/command-processor.js:12608)
]]>
            </full-stacktrace>
          </exception> <!-- org.openqa.selenium.NoSuchElementException -->
          <reporter-output>
          </reporter-output>
        </test-method> <!-- disableExpire -->
      </class> <!-- com.project.advertisements.AdvertisementsManage -->
    </test> <!-- Default test -->
  </suite> <!-- Default suite -->
</testng-results>
